<?xml version="1.0" encoding="UTF-8"?>
<testng-results ignored="0" total="1" passed="1" failed="0" skipped="0">
  <reporter-output>
  </reporter-output>
  <suite started-at="2025-10-07T11:44:44 IST" name="Default suite" finished-at="2025-10-07T11:44:46 IST" duration-ms="1580">
    <groups>
    </groups>
    <test started-at="2025-10-07T11:44:44 IST" name="Default test" finished-at="2025-10-07T11:44:46 IST" duration-ms="1580">
      <class name="com.Demo.REST.ExcelDrivenLibraryAPI">
        <test-method signature="Addbook()[pri:0, instance:com.Demo.REST.ExcelDrivenLibraryAPI@682b2fa]" started-at="2025-10-07T11:44:44 IST" name="Addbook" finished-at="2025-10-07T11:44:46 IST" duration-ms="1532" status="PASS">
          <reporter-output>
          </reporter-output>
        </test-method> <!-- Addbook -->
      </class> <!-- com.Demo.REST.ExcelDrivenLibraryAPI -->
    </test> <!-- Default test -->
  </suite> <!-- Default suite -->
</testng-results>
