<?xml version="1.0" encoding="UTF-8"?>
<testng-results ignored="0" total="1" passed="1" failed="0" skipped="0">
  <reporter-output>
  </reporter-output>
  <suite started-at="2025-10-02T09:05:43 IST" name="Default suite" finished-at="2025-10-02T09:05:48 IST" duration-ms="4871">
    <groups>
    </groups>
    <test started-at="2025-10-02T09:05:43 IST" name="Default test" finished-at="2025-10-02T09:05:48 IST" duration-ms="4871">
      <class name="com.Demo.REST.EcommerceBB">
        <test-method signature="TestEcommerce()[pri:0, instance:com.Demo.REST.EcommerceBB@7d8995e]" started-at="2025-10-02T09:05:43 IST" name="TestEcommerce" finished-at="2025-10-02T09:05:48 IST" duration-ms="4838" status="PASS">
          <reporter-output>
          </reporter-output>
        </test-method> <!-- TestEcommerce -->
      </class> <!-- com.Demo.REST.EcommerceBB -->
    </test> <!-- Default test -->
  </suite> <!-- Default suite -->
</testng-results>
